<<<<<<< HEAD
﻿Compilación iniciada a las 16/05/2018 11:52:51.
     1>Proyecto "C:\Users\diego\Documents\GitHub\ARKANOID\Arkanoid.vcxproj" en el nodo 2 (Build destinos).
     1>ClCompile:
         C:\Program Files (x86)\Microsoft Visual Studio 11.0\VC\bin\CL.exe /c /Ilib /Isrc /ZI /nologo /W3 /WX- /Od /Oy- /D WIN32 /D _DEBUG /D _CONSOLE /D _UNICODE /D UNICODE /Gm /EHsc /RTC1 /MDd /GS /fp:precise /Zc:wchar_t /Zc:forScope /Fo"tmp\Debug\\" /Fd"tmp\Debug\vc110.pdb" /Gd /TP /analyze- /errorReport:prompt src\Barra.cpp src\Bordes.cpp src\Esfera.cpp src\Interaccion.cpp src\Jugador.cpp src\Ladrillos.cpp src\Mundo.cpp src\Arkanoid.cpp src\Objeto.cpp src\ObjetoMovil.cpp src\Pared.cpp src\Vector2D.cpp
         Vector2D.cpp
         Pared.cpp
         ObjetoMovil.cpp
         Objeto.cpp
         Arkanoid.cpp
         Mundo.cpp
         Ladrillos.cpp
         Jugador.cpp
         Interaccion.cpp
         Esfera.cpp
         Bordes.cpp
         Barra.cpp
         Generando código...
       Link:
         C:\Program Files (x86)\Microsoft Visual Studio 11.0\VC\bin\link.exe /ERRORREPORT:PROMPT /OUT:"C:\Users\diego\Documents\GitHub\ARKANOID\bin\Arkanoid.exe" /INCREMENTAL /NOLOGO /LIBPATH:lib kernel32.lib user32.lib gdi32.lib winspool.lib comdlg32.lib advapi32.lib shell32.lib ole32.lib oleaut32.lib uuid.lib odbc32.lib odbccp32.lib /MANIFEST /MANIFESTUAC:"level='asInvoker' uiAccess='false'" /manifest:embed /DEBUG /PDB:"C:\Users\diego\Documents\GitHub\ARKANOID\bin\Arkanoid.pdb" /SUBSYSTEM:CONSOLE /TLBID:1 /DYNAMICBASE /NXCOMPAT /IMPLIB:"C:\Users\diego\Documents\GitHub\ARKANOID\bin\Arkanoid.lib" /MACHINE:X86 tmp\Debug\Barra.obj
=======
﻿Build started 16/05/2018 17:14:54.
     1>Project "C:\Users\Jesús\Desktop\ARKANOID\Arkanoid.vcxproj" on node 2 (Build target(s)).
     1>ClCompile:
         C:\Program Files (x86)\Microsoft Visual Studio 11.0\VC\bin\CL.exe /c /Ilib /Isrc /ZI /nologo /W3 /WX- /Od /Oy- /D WIN32 /D _DEBUG /D _CONSOLE /D _UNICODE /D UNICODE /Gm /EHsc /RTC1 /MDd /GS /fp:precise /Zc:wchar_t /Zc:forScope /Fo"tmp\Debug\\" /Fd"tmp\Debug\vc110.pdb" /Gd /TP /analyze- /errorReport:prompt src\Arkanoid.cpp src\Mundo.cpp
         Mundo.cpp
         Arkanoid.cpp
         Generating Code...
       Link:
         C:\Program Files (x86)\Microsoft Visual Studio 11.0\VC\bin\link.exe /ERRORREPORT:PROMPT /OUT:"C:\Users\Jesús\Desktop\ARKANOID\bin\Arkanoid.exe" /INCREMENTAL /NOLOGO /LIBPATH:lib kernel32.lib user32.lib gdi32.lib winspool.lib comdlg32.lib advapi32.lib shell32.lib ole32.lib oleaut32.lib uuid.lib odbc32.lib odbccp32.lib /MANIFEST /MANIFESTUAC:"level='asInvoker' uiAccess='false'" /manifest:embed /DEBUG /PDB:"C:\Users\Jesús\Desktop\ARKANOID\bin\Arkanoid.pdb" /SUBSYSTEM:CONSOLE /TLBID:1 /DYNAMICBASE /NXCOMPAT /IMPLIB:"C:\Users\Jesús\Desktop\ARKANOID\bin\Arkanoid.lib" /MACHINE:X86 tmp\Debug\Barra.obj
>>>>>>> 97245fde4caf642c5079bb02ba5954db9fe9a7a4
         tmp\Debug\Bordes.obj
         tmp\Debug\Esfera.obj
         tmp\Debug\Interaccion.obj
         tmp\Debug\Jugador.obj
         tmp\Debug\Ladrillos.obj
         tmp\Debug\Mundo.obj
         tmp\Debug\Arkanoid.obj
         tmp\Debug\Objeto.obj
         tmp\Debug\ObjetoMovil.obj
         tmp\Debug\Pared.obj
         tmp\Debug\Vector2D.obj
<<<<<<< HEAD
         LINK : no se encontró C:\Users\diego\Documents\GitHub\ARKANOID\bin\Arkanoid.exe o no lo generó el último vínculo incremental; ejecutando vínculo completo
         Arkanoid.vcxproj -> C:\Users\diego\Documents\GitHub\ARKANOID\bin\Arkanoid.exe
     1>Compilación del proyecto terminada "C:\Users\diego\Documents\GitHub\ARKANOID\Arkanoid.vcxproj" (Build destinos).
=======
         Arkanoid.vcxproj -> C:\Users\Jesús\Desktop\ARKANOID\bin\Arkanoid.exe
     1>Done Building Project "C:\Users\Jesús\Desktop\ARKANOID\Arkanoid.vcxproj" (Build target(s)).
>>>>>>> 97245fde4caf642c5079bb02ba5954db9fe9a7a4

Build succeeded.

<<<<<<< HEAD
Tiempo transcurrido 00:00:03.59
=======
Time Elapsed 00:00:03.48
>>>>>>> 97245fde4caf642c5079bb02ba5954db9fe9a7a4
